  [1m[35m (0.6ms)[0m  [1m[34mSELECT sqlite_version(*)[0m
  [1m[35m (0.5ms)[0m  [1m[34mSELECT sqlite_version(*)[0m
  [1m[35m (2.3ms)[0m  [1m[35mCREATE TABLE "schema_migrations" ("version" varchar NOT NULL PRIMARY KEY)[0m
  [1m[35m (1.9ms)[0m  [1m[35mCREATE TABLE "ar_internal_metadata" ("key" varchar NOT NULL PRIMARY KEY, "value" varchar, "created_at" datetime(6) NOT NULL, "updated_at" datetime(6) NOT NULL)[0m
  [1m[35m (0.2ms)[0m  [1m[34mSELECT "schema_migrations"."version" FROM "schema_migrations" ORDER BY "schema_migrations"."version" ASC[0m
Migrating to CreateTables (20190911142243)
  [1m[35m (0.1ms)[0m  [1m[36mbegin transaction[0m
  [1m[35m (0.5ms)[0m  [1m[35mCREATE TABLE "collections" ("id" integer PRIMARY KEY AUTOINCREMENT NOT NULL, "name" varchar, "category" varchar, "total_quizzes" integer, "created_at" datetime(6) NOT NULL, "updated_at" datetime(6) NOT NULL)[0m
  [1m[35m (0.2ms)[0m  [1m[35mCREATE TABLE "quizzes" ("id" integer PRIMARY KEY AUTOINCREMENT NOT NULL, "question" varchar, "answer" varchar, "collection_id" integer NOT NULL, "created_at" datetime(6) NOT NULL, "updated_at" datetime(6) NOT NULL)[0m
  [1m[36mprimary::SchemaMigration Create (0.4ms)[0m  [1m[32mINSERT INTO "schema_migrations" ("version") VALUES (?)[0m  [["version", "20190911142243"]]
  [1m[35m (2.1ms)[0m  [1m[36mcommit transaction[0m
Migrating to AddChoiceAndAnswerFieldsToQuiz (20190913213836)
  [1m[35m (0.1ms)[0m  [1m[36mbegin transaction[0m
  [1m[35m (0.5ms)[0m  [1m[35mALTER TABLE "quizzes" ADD "first_choice" varchar[0m
  [1m[35m (0.2ms)[0m  [1m[35mALTER TABLE "quizzes" ADD "second_choice" varchar[0m
  [1m[35m (0.3ms)[0m  [1m[35mALTER TABLE "quizzes" ADD "third_choice" varchar[0m
  [1m[35m (0.2ms)[0m  [1m[35mALTER TABLE "quizzes" ADD "fourth_choice" varchar[0m
  [1m[35m (0.2ms)[0m  [1m[35mALTER TABLE "quizzes" ADD "correct_choice" varchar[0m
  [1m[36mprimary::SchemaMigration Create (0.3ms)[0m  [1m[32mINSERT INTO "schema_migrations" ("version") VALUES (?)[0m  [["version", "20190913213836"]]
  [1m[35m (2.5ms)[0m  [1m[36mcommit transaction[0m
Migrating to CreateUserTable (20190913220110)
  [1m[35m (0.1ms)[0m  [1m[36mbegin transaction[0m
  [1m[35m (0.7ms)[0m  [1m[35mCREATE TABLE "users" ("id" integer PRIMARY KEY AUTOINCREMENT NOT NULL, "username" varchar, "email" varchar, "fullName" varchar, "bio" text, "password_hash" varchar, "password_salt" varchar, "created_at" datetime(6) NOT NULL, "updated_at" datetime(6) NOT NULL)[0m
  [1m[36mprimary::SchemaMigration Create (0.2ms)[0m  [1m[32mINSERT INTO "schema_migrations" ("version") VALUES (?)[0m  [["version", "20190913220110"]]
  [1m[35m (2.1ms)[0m  [1m[36mcommit transaction[0m
  [1m[36mActiveRecord::InternalMetadata Load (0.3ms)[0m  [1m[34mSELECT "ar_internal_metadata".* FROM "ar_internal_metadata" WHERE "ar_internal_metadata"."key" = ? LIMIT ?[0m  [["key", "environment"], ["LIMIT", 1]]
  [1m[35m (0.1ms)[0m  [1m[36mbegin transaction[0m
  [1m[36mActiveRecord::InternalMetadata Create (0.4ms)[0m  [1m[32mINSERT INTO "ar_internal_metadata" ("key", "value", "created_at", "updated_at") VALUES (?, ?, ?, ?)[0m  [["key", "environment"], ["value", "development"], ["created_at", "2019-09-15 20:32:33.956455"], ["updated_at", "2019-09-15 20:32:33.956455"]]
  [1m[35m (1.7ms)[0m  [1m[36mcommit transaction[0m
  [1m[35m (0.1ms)[0m  [1m[34mSELECT sqlite_version(*)[0m
  [1m[35m (0.2ms)[0m  [1m[34mSELECT "schema_migrations"."version" FROM "schema_migrations" ORDER BY "schema_migrations"."version" ASC[0m
  [1m[35m (0.4ms)[0m  [1m[34mSELECT sqlite_version(*)[0m
  [1m[35m (0.1ms)[0m  [1m[35mPRAGMA foreign_keys[0m
  [1m[35m (0.1ms)[0m  [1m[35mPRAGMA defer_foreign_keys[0m
  [1m[35m (0.1ms)[0m  [1m[35mPRAGMA defer_foreign_keys = ON[0m
  [1m[35m (0.0ms)[0m  [1m[35mPRAGMA foreign_keys = OFF[0m
  [1m[35m (0.0ms)[0m  [1m[36mbegin transaction[0m
  [1m[36mFixtures Load (0.6ms)[0m  [1m[31mDELETE FROM "collections";
DELETE FROM "quizzes";
DELETE FROM "users";
INSERT INTO "collections" ("id", "name", "category", "total_quizzes", "created_at", "updated_at") VALUES (1, 'First Sample Collection', 'Sample', 1, '2019-09-15 20:32:47.106174', '2019-09-15 20:32:47.106174');
INSERT INTO "collections" ("id", "name", "category", "total_quizzes", "created_at", "updated_at") VALUES (2, 'Second Sample Collection', 'Sample', 1, '2019-09-15 20:32:47.106174', '2019-09-15 20:32:47.106174');
INSERT INTO "quizzes" ("id", "question", "answer", "collection_id", "created_at", "updated_at", "first_choice", "second_choice", "third_choice", "fourth_choice", "correct_choice") VALUES (980190962, 'MyString1Question', 'MyString1Answer', 1, '2019-09-15 20:32:47.108499', '2019-09-15 20:32:47.108499', 'Foo', 'Bar', 'Ham', 'Test', 'Bar');
INSERT INTO "quizzes" ("id", "question", "answer", "collection_id", "created_at", "updated_at", "first_choice", "second_choice", "third_choice", "fourth_choice", "correct_choice") VALUES (298486374, 'MyString2Question', 'MyString2Answer', 1, '2019-09-15 20:32:47.108499', '2019-09-15 20:32:47.108499', 'sports', 'beer', 'reading', 'powerlifting', 'Bar');
INSERT INTO "quizzes" ("id", "question", "answer", "collection_id", "created_at", "updated_at", "first_choice", "second_choice", "third_choice", "fourth_choice", "correct_choice") VALUES (113629430, 'MyString3Question', 'MyString3Answer', 2, '2019-09-15 20:32:47.108499', '2019-09-15 20:32:47.108499', 'Example1', 'Example2', 'Example3', 'Example4', 'Bar');
INSERT INTO "users" ("id", "username", "email", "fullName", "bio", "password_hash", "password_salt", "created_at", "updated_at") VALUES (3, 'MyString1', 'MyString1', 'MyString1', 'MyText1', 'MyString1', 'MyString1', '2019-09-15 20:32:47.109471', '2019-09-15 20:32:47.109471');
INSERT INTO "users" ("id", "username", "email", "fullName", "bio", "password_hash", "password_salt", "created_at", "updated_at") VALUES (4, 'MyString2', 'MyString2', 'MyString2', 'MyText2', 'MyString2', 'MyString2', '2019-09-15 20:32:47.109471', '2019-09-15 20:32:47.109471');
INSERT INTO "users" ("id", "username", "email", "fullName", "bio", "password_hash", "password_salt", "created_at", "updated_at") VALUES (5, 'admin', 'admin@admin.com', 'Admin Admin', 'Admin', '$2a$12$lrEjlgT3U53bI5Ug1.b8kOE.S5FK7BZi7xYtaEoASEWRAkGplS4MW', '$2a$12$lrEjlgT3U53bI5Ug1.b8kO', '2019-09-15 20:32:47.109471', '2019-09-15 20:32:47.109471')[0m
  [1m[35m (1.8ms)[0m  [1m[36mcommit transaction[0m
  [1m[35m (0.1ms)[0m  [1m[35mPRAGMA defer_foreign_keys = 0[0m
  [1m[35m (0.1ms)[0m  [1m[35mPRAGMA foreign_keys = 1[0m
Started GET "/" for ::1 at 2019-09-15 16:33:00 -0400
  [1m[35m (1.4ms)[0m  [1m[34mSELECT sqlite_version(*)[0m
  [1m[35m (0.2ms)[0m  [1m[34mSELECT "schema_migrations"."version" FROM "schema_migrations" ORDER BY "schema_migrations"."version" ASC[0m
Processing by Rails::WelcomeController#index as HTML
  Rendering /usr/local/var/rbenv/versions/2.6.3/lib/ruby/gems/2.6.0/gems/railties-6.0.0/lib/rails/templates/rails/welcome/index.html.erb
  Rendered /usr/local/var/rbenv/versions/2.6.3/lib/ruby/gems/2.6.0/gems/railties-6.0.0/lib/rails/templates/rails/welcome/index.html.erb (Duration: 10.5ms | Allocations: 317)
Completed 200 OK in 25ms (Views: 13.2ms | ActiveRecord: 0.0ms | Allocations: 2259)


Started GET "/user/user_login" for ::1 at 2019-09-15 16:33:11 -0400
Processing by UserController#user_login as HTML
  Rendering user/user_login.html.erb
  Rendered user/user_login.html.erb (Duration: 3.3ms | Allocations: 1372)
Completed 200 OK in 14ms (Views: 11.8ms | ActiveRecord: 0.0ms | Allocations: 2182)


Started POST "/user/user_login" for ::1 at 2019-09-15 16:33:20 -0400
Processing by UserController#user_login as HTML
  Parameters: {"authenticity_token"=>"QqL0PPxpWkNuoe49QV7oTbdpllNgYwmrpsbyrZ4WPfzP/0zIU2XHWc954JYpBMHOOPWeLFD/brj7BfT0ErdU8g==", "username"=>"admin", "password"=>"[FILTERED]", "commit"=>"Save changes"}
  Rendering user/user_login.html.erb
  Rendered user/user_login.html.erb (Duration: 0.8ms | Allocations: 299)
Completed 200 OK in 3ms (Views: 1.6ms | ActiveRecord: 0.0ms | Allocations: 774)


Started GET "/user/user_login" for ::1 at 2019-09-15 16:34:05 -0400
Processing by UserController#user_login as HTML
  Rendering user/user_login.html.erb
  Rendered user/user_login.html.erb (Duration: 1.1ms | Allocations: 514)
Completed 200 OK in 3ms (Views: 2.2ms | ActiveRecord: 0.0ms | Allocations: 1220)


Started POST "/user/user_login" for ::1 at 2019-09-15 16:34:08 -0400
Processing by UserController#user_login as HTML
  Parameters: {"authenticity_token"=>"d2DJoF/wKfQyyQZjDZCZhpaQXY4MIgHImNbsXkXPKwH6PXFU8Py07pMRCMhlyrAFGQxV8Ty+ZtvFFeoHyW5CDw==", "username"=>"admin", "password"=>"[FILTERED]", "commit"=>"Login"}
  Rendering user/user_login.html.erb
  Rendered user/user_login.html.erb (Duration: 2.7ms | Allocations: 297)
Completed 200 OK in 7ms (Views: 4.6ms | ActiveRecord: 0.0ms | Allocations: 763)


Started GET "/user/user_login" for ::1 at 2019-09-15 16:35:40 -0400
  [1m[35m (1.2ms)[0m  [1m[34mSELECT sqlite_version(*)[0m
  [1m[35m (0.2ms)[0m  [1m[34mSELECT "schema_migrations"."version" FROM "schema_migrations" ORDER BY "schema_migrations"."version" ASC[0m
Processing by UserController#user_login as HTML
  Rendering user/user_login.html.erb
  Rendered user/user_login.html.erb (Duration: 6.1ms | Allocations: 1216)
Completed 200 OK in 18ms (Views: 10.8ms | ActiveRecord: 0.0ms | Allocations: 2905)


Started POST "/user/user_login" for ::1 at 2019-09-15 16:35:42 -0400
Processing by UserController#user_login as HTML
  Parameters: {"authenticity_token"=>"4v3wBYjuKYgLIMfUYK87YmJGfuNb/IV5lPdNvNKc+oBvoEjxJ+K0kqr4yX8I9RLh7dp2nGtg4mrJNEvlXj2Tjg==", "username"=>"admin", "password"=>"[FILTERED]", "commit"=>"Login"}
  Rendering user/user_login.html.erb
  Rendered user/user_login.html.erb (Duration: 0.8ms | Allocations: 300)
Completed 200 OK in 4ms (Views: 2.5ms | ActiveRecord: 0.0ms | Allocations: 777)


Started GET "/user/user_login" for ::1 at 2019-09-15 16:43:10 -0400
  [1m[35m (0.4ms)[0m  [1m[34mSELECT sqlite_version(*)[0m
  [1m[35m (1.2ms)[0m  [1m[34mSELECT "schema_migrations"."version" FROM "schema_migrations" ORDER BY "schema_migrations"."version" ASC[0m
Processing by UserController#user_login as HTML
  Rendering user/user_login.html.erb
  Rendered user/user_login.html.erb (Duration: 3.4ms | Allocations: 714)
Completed 200 OK in 14ms (Views: 9.6ms | ActiveRecord: 0.0ms | Allocations: 2419)


Started POST "/user/create" for ::1 at 2019-09-15 16:43:15 -0400
Processing by UserController#create as HTML
  Parameters: {"authenticity_token"=>"FX8Tb5AZO5h6QueFnpJFVB8wflsBu4zV3+VeX6brY92PMfOA0YD1K+UWG0DoYl6EzYHjTd3z5Bd8/OZlEYuuqw==", "username"=>"admin", "password"=>"[FILTERED]", "commit"=>"Login"}
Can't verify CSRF token authenticity.
  [1m[36mUser Load (3.0ms)[0m  [1m[34mSELECT "users".* FROM "users" WHERE "users"."username" = ? LIMIT ?[0m  [["username", "admin"], ["LIMIT", 1]]
  ↳ app/models/user.rb:5:in `authenticate'
  Rendering user/user_profile.html.erb
  Rendered user/user_profile.html.erb (Duration: 1.3ms | Allocations: 194)
Completed 200 OK in 326ms (Views: 2.5ms | ActiveRecord: 4.1ms | Allocations: 8227)


Started GET "/user/registration" for ::1 at 2019-09-15 17:50:33 -0400
  [1m[35m (0.6ms)[0m  [1m[34mSELECT sqlite_version(*)[0m
  [1m[35m (1.3ms)[0m  [1m[34mSELECT "schema_migrations"."version" FROM "schema_migrations" ORDER BY "schema_migrations"."version" ASC[0m
  
ActionController::RoutingError (No route matches [GET] "/user/registration"):
  
actionpack (6.0.0) lib/action_dispatch/middleware/debug_exceptions.rb:36:in `call'
web-console (4.0.1) lib/web_console/middleware.rb:132:in `call_app'
web-console (4.0.1) lib/web_console/middleware.rb:28:in `block in call'
web-console (4.0.1) lib/web_console/middleware.rb:17:in `catch'
web-console (4.0.1) lib/web_console/middleware.rb:17:in `call'
actionpack (6.0.0) lib/action_dispatch/middleware/show_exceptions.rb:33:in `call'
railties (6.0.0) lib/rails/rack/logger.rb:38:in `call_app'
railties (6.0.0) lib/rails/rack/logger.rb:26:in `block in call'
activesupport (6.0.0) lib/active_support/tagged_logging.rb:80:in `block in tagged'
activesupport (6.0.0) lib/active_support/tagged_logging.rb:28:in `tagged'
activesupport (6.0.0) lib/active_support/tagged_logging.rb:80:in `tagged'
railties (6.0.0) lib/rails/rack/logger.rb:26:in `call'
sprockets-rails (3.2.1) lib/sprockets/rails/quiet_assets.rb:13:in `call'
actionpack (6.0.0) lib/action_dispatch/middleware/remote_ip.rb:81:in `call'
actionpack (6.0.0) lib/action_dispatch/middleware/request_id.rb:27:in `call'
rack (2.0.7) lib/rack/method_override.rb:22:in `call'
rack (2.0.7) lib/rack/runtime.rb:22:in `call'
activesupport (6.0.0) lib/active_support/cache/strategy/local_cache_middleware.rb:29:in `call'
actionpack (6.0.0) lib/action_dispatch/middleware/executor.rb:14:in `call'
actionpack (6.0.0) lib/action_dispatch/middleware/static.rb:126:in `call'
rack (2.0.7) lib/rack/sendfile.rb:111:in `call'
actionpack (6.0.0) lib/action_dispatch/middleware/host_authorization.rb:83:in `call'
webpacker (4.0.7) lib/webpacker/dev_server_proxy.rb:29:in `perform_request'
rack-proxy (0.6.5) lib/rack/proxy.rb:57:in `call'
railties (6.0.0) lib/rails/engine.rb:526:in `call'
puma (3.12.1) lib/puma/configuration.rb:227:in `call'
puma (3.12.1) lib/puma/server.rb:660:in `handle_request'
puma (3.12.1) lib/puma/server.rb:474:in `process_client'
puma (3.12.1) lib/puma/server.rb:334:in `block in run'
puma (3.12.1) lib/puma/thread_pool.rb:135:in `block in spawn_thread'
Started GET "/user/user_registration" for ::1 at 2019-09-15 17:50:41 -0400
Processing by UserController#user_registration as HTML
  Rendering user/user_registration.html.erb
  Rendered user/user_registration.html.erb (Duration: 1.4ms | Allocations: 781)
Completed 200 OK in 18ms (Views: 2.3ms | ActiveRecord: 0.7ms | Allocations: 8204)


Started POST "/user/register" for ::1 at 2019-09-15 17:50:46 -0400
Processing by UserController#user_register as HTML
  Parameters: {"authenticity_token"=>"Os/1ZG7TTRM1pTiXSQ49cRd4msaXoCjmiwGOAl4mC0O5QiN2may0SXBU/yR5wuC2pJZiur0y0eBsQeLqNk/bRg==", "username"=>"shehanatuk@gmail.com", "email"=>"", "password"=>"[FILTERED]", "confirm_password"=>"[FILTERED]", "fullName"=>"", "bio"=>"", "commit"=>"Register"}
Can't verify CSRF token authenticity.
No template found for UserController#user_register, rendering head :no_content
Completed 204 No Content in 7ms (ActiveRecord: 0.0ms | Allocations: 1783)


Started POST "/user/register" for ::1 at 2019-09-15 17:50:48 -0400
Processing by UserController#user_register as HTML
  Parameters: {"authenticity_token"=>"Os/1ZG7TTRM1pTiXSQ49cRd4msaXoCjmiwGOAl4mC0O5QiN2may0SXBU/yR5wuC2pJZiur0y0eBsQeLqNk/bRg==", "username"=>"shehanatuk@gmail.com", "email"=>"", "password"=>"[FILTERED]", "confirm_password"=>"[FILTERED]", "fullName"=>"", "bio"=>"", "commit"=>"Register"}
Can't verify CSRF token authenticity.
No template found for UserController#user_register, rendering head :no_content
Completed 204 No Content in 3ms (ActiveRecord: 0.0ms | Allocations: 444)


Started POST "/user/register" for ::1 at 2019-09-15 17:50:49 -0400
Processing by UserController#user_register as HTML
  Parameters: {"authenticity_token"=>"Os/1ZG7TTRM1pTiXSQ49cRd4msaXoCjmiwGOAl4mC0O5QiN2may0SXBU/yR5wuC2pJZiur0y0eBsQeLqNk/bRg==", "username"=>"shehanatuk@gmail.com", "email"=>"", "password"=>"[FILTERED]", "confirm_password"=>"[FILTERED]", "fullName"=>"", "bio"=>"", "commit"=>"Register"}
Can't verify CSRF token authenticity.
No template found for UserController#user_register, rendering head :no_content
Completed 204 No Content in 2ms (ActiveRecord: 0.0ms | Allocations: 442)


Started GET "/user/user_registration" for ::1 at 2019-09-15 17:51:16 -0400
  [1m[35m (0.1ms)[0m  [1m[34mSELECT sqlite_version(*)[0m
Processing by UserController#user_registration as HTML
  Rendering user/user_registration.html.erb
  Rendered user/user_registration.html.erb (Duration: 0.8ms | Allocations: 394)
Completed 200 OK in 16ms (Views: 1.5ms | ActiveRecord: 1.2ms | Allocations: 7168)


Started POST "/user/register" for ::1 at 2019-09-15 17:51:19 -0400
Processing by UserController#user_register as HTML
  Parameters: {"authenticity_token"=>"/vhVvqTpIfPsMepuNXKcmwtp623gVBn2SRZpjkIF1U59dYOsU5bYqanALd0FvkFcuIcTEcrG4PCuVgVmKmwFSw==", "username"=>"shehanatuk@gmail.com", "email"=>"", "password"=>"[FILTERED]", "confirm_password"=>"[FILTERED]", "fullName"=>"", "bio"=>"", "commit"=>"Register"}
Can't verify CSRF token authenticity.
No template found for UserController#user_register, rendering head :no_content
Completed 204 No Content in 4ms (ActiveRecord: 0.0ms | Allocations: 445)


Started GET "/user/user_registration" for ::1 at 2019-09-15 17:52:34 -0400
  [1m[35m (0.1ms)[0m  [1m[34mSELECT sqlite_version(*)[0m
Processing by UserController#user_registration as HTML
  Rendering user/user_registration.html.erb
  Rendered user/user_registration.html.erb (Duration: 0.7ms | Allocations: 394)
Completed 200 OK in 15ms (Views: 1.8ms | ActiveRecord: 0.6ms | Allocations: 7223)


Started POST "/user/register" for ::1 at 2019-09-15 17:52:37 -0400
Processing by UserController#user_register as HTML
  Parameters: {"authenticity_token"=>"2UTiRbd5L0GihGp22zBrQUAWi00sEYdBpVqipz4yqR5ayTRXQAbWG+d1rcXr/LaG8/hzMQaDfkdCGs5PVlt5Gw==", "username"=>"shehanatuk@gmail.com", "email"=>"", "password"=>"[FILTERED]", "confirm_password"=>"[FILTERED]", "fullName"=>"", "bio"=>"", "commit"=>"Register"}
Can't verify CSRF token authenticity.
No template found for UserController#user_register, rendering head :no_content
Completed 204 No Content in 3ms (ActiveRecord: 0.0ms | Allocations: 451)


Started POST "/user/register" for ::1 at 2019-09-15 17:52:39 -0400
Processing by UserController#user_register as HTML
  Parameters: {"authenticity_token"=>"2UTiRbd5L0GihGp22zBrQUAWi00sEYdBpVqipz4yqR5ayTRXQAbWG+d1rcXr/LaG8/hzMQaDfkdCGs5PVlt5Gw==", "username"=>"shehanatuk@gmail.com", "email"=>"", "password"=>"[FILTERED]", "confirm_password"=>"[FILTERED]", "fullName"=>"", "bio"=>"", "commit"=>"Register"}
Can't verify CSRF token authenticity.
No template found for UserController#user_register, rendering head :no_content
Completed 204 No Content in 3ms (ActiveRecord: 0.0ms | Allocations: 451)


Started GET "/user/user_registration" for ::1 at 2019-09-15 17:52:50 -0400
Processing by UserController#user_registration as HTML
  Rendering user/user_registration.html.erb
  Rendered user/user_registration.html.erb (Duration: 1.6ms | Allocations: 390)
Completed 200 OK in 5ms (Views: 2.8ms | ActiveRecord: 0.0ms | Allocations: 823)


Started POST "/user/register" for ::1 at 2019-09-15 17:53:21 -0400
Processing by UserController#user_register as HTML
  Parameters: {"authenticity_token"=>"cEQqoUWm20HZiXGvxu/XfObPpPwnrE51DbtPCLwwkILzyfyzstkiG5x4thz2Iwq7VSFcgA0+t3Pq+yPg1FlAhw==", "username"=>"shehan", "email"=>"shehanatuk@gmail.com", "password"=>"[FILTERED]", "confirm_password"=>"[FILTERED]", "fullName"=>"Shehan Atukorala", "bio"=>"Hello World", "commit"=>"Register"}
Can't verify CSRF token authenticity.
No template found for UserController#user_register, rendering head :no_content
Completed 204 No Content in 3ms (ActiveRecord: 0.0ms | Allocations: 448)


Started GET "/user/current_or_guest_user" for ::1 at 2019-09-15 20:09:54 -0400
  [1m[35m (1.9ms)[0m  [1m[34mSELECT sqlite_version(*)[0m
  [1m[35m (1.5ms)[0m  [1m[34mSELECT "schema_migrations"."version" FROM "schema_migrations" ORDER BY "schema_migrations"."version" ASC[0m
Processing by UserController#current_or_guest_user as HTML
  [1m[36mUser Load (1.2ms)[0m  [1m[34mSELECT "users".* FROM "users" WHERE "users"."id" = ? LIMIT ?[0m  [["id", 980190964], ["LIMIT", 1]]
  ↳ app/controllers/user_controller.rb:66:in `guest_user'
  [1m[35m (0.1ms)[0m  [1m[36mbegin transaction[0m
  ↳ app/controllers/user_controller.rb:78:in `create_guest_user'
  [1m[36mUser Exists? (0.6ms)[0m  [1m[34mSELECT 1 AS one FROM "users" WHERE "users"."email" = ? LIMIT ?[0m  [["email", "guestEmail@guestEmail.com"], ["LIMIT", 1]]
  ↳ app/controllers/user_controller.rb:78:in `create_guest_user'
  [1m[35m (0.1ms)[0m  [1m[31mrollback transaction[0m
  ↳ app/controllers/user_controller.rb:78:in `create_guest_user'
Completed 422 Unprocessable Entity in 64ms (ActiveRecord: 2.9ms | Allocations: 13952)


  
ActiveRecord::RecordInvalid (Validation failed: Password can't be blank):
  
app/controllers/user_controller.rb:78:in `create_guest_user'
app/controllers/user_controller.rb:66:in `guest_user'
app/controllers/user_controller.rb:70:in `rescue in guest_user'
app/controllers/user_controller.rb:62:in `guest_user'
app/controllers/user_controller.rb:54:in `current_or_guest_user'
Started GET "/user/current_or_guest_user" for ::1 at 2019-09-15 20:12:12 -0400
Processing by UserController#current_or_guest_user as HTML
  [1m[36mUser Load (0.3ms)[0m  [1m[34mSELECT "users".* FROM "users" WHERE "users"."id" = ? LIMIT ?[0m  [["id", 980190964], ["LIMIT", 1]]
  ↳ app/controllers/user_controller.rb:66:in `guest_user'
  [1m[35m (0.1ms)[0m  [1m[36mbegin transaction[0m
  ↳ app/controllers/user_controller.rb:78:in `create_guest_user'
  [1m[36mUser Exists? (0.3ms)[0m  [1m[34mSELECT 1 AS one FROM "users" WHERE "users"."email" = ? LIMIT ?[0m  [["email", "guestEmail@guestEmail.com"], ["LIMIT", 1]]
  ↳ app/controllers/user_controller.rb:78:in `create_guest_user'
  [1m[35m (0.1ms)[0m  [1m[31mrollback transaction[0m
  ↳ app/controllers/user_controller.rb:78:in `create_guest_user'
Completed 422 Unprocessable Entity in 26ms (ActiveRecord: 0.8ms | Allocations: 4635)


  
ActiveRecord::RecordInvalid (Validation failed: Password can't be blank):
  
app/controllers/user_controller.rb:78:in `create_guest_user'
app/controllers/user_controller.rb:66:in `guest_user'
app/controllers/user_controller.rb:70:in `rescue in guest_user'
app/controllers/user_controller.rb:62:in `guest_user'
app/controllers/user_controller.rb:54:in `current_or_guest_user'
Started GET "/user/current_or_guest_user" for ::1 at 2019-09-15 20:34:04 -0400
  [1m[35m (0.1ms)[0m  [1m[34mSELECT sqlite_version(*)[0m
Processing by UserController#current_or_guest_user as HTML
  [1m[36mUser Load (1.3ms)[0m  [1m[34mSELECT "users".* FROM "users" WHERE "users"."id" = ? LIMIT ?[0m  [["id", 980190964], ["LIMIT", 1]]
  ↳ app/controllers/user_controller.rb:66:in `guest_user'
  [1m[35m (0.1ms)[0m  [1m[36mbegin transaction[0m
  ↳ app/controllers/user_controller.rb:78:in `create_guest_user'
  [1m[36mUser Exists? (0.2ms)[0m  [1m[34mSELECT 1 AS one FROM "users" WHERE "users"."email" = ? LIMIT ?[0m  [["email", "guestEmail@guestEmail.com"], ["LIMIT", 1]]
  ↳ app/controllers/user_controller.rb:78:in `create_guest_user'
  [1m[35m (0.1ms)[0m  [1m[31mrollback transaction[0m
  ↳ app/controllers/user_controller.rb:78:in `create_guest_user'
Completed 422 Unprocessable Entity in 8ms (ActiveRecord: 1.7ms | Allocations: 4581)


  
ActiveRecord::RecordInvalid (Validation failed: Password can't be blank):
  
app/controllers/user_controller.rb:78:in `create_guest_user'
app/controllers/user_controller.rb:66:in `guest_user'
app/controllers/user_controller.rb:70:in `rescue in guest_user'
app/controllers/user_controller.rb:62:in `guest_user'
app/controllers/user_controller.rb:54:in `current_or_guest_user'
Started GET "/user/current_or_guest_user" for ::1 at 2019-09-15 20:36:07 -0400
  [1m[35m (0.1ms)[0m  [1m[34mSELECT sqlite_version(*)[0m
Processing by UserController#current_or_guest_user as HTML
  [1m[36mUser Load (1.2ms)[0m  [1m[34mSELECT "users".* FROM "users" WHERE "users"."id" = ? LIMIT ?[0m  [["id", 980190964], ["LIMIT", 1]]
  ↳ app/controllers/user_controller.rb:66:in `guest_user'
  [1m[35m (0.1ms)[0m  [1m[36mbegin transaction[0m
  ↳ app/controllers/user_controller.rb:78:in `create_guest_user'
  [1m[36mUser Exists? (0.3ms)[0m  [1m[34mSELECT 1 AS one FROM "users" WHERE "users"."email" = ? LIMIT ?[0m  [["email", "guestEmail@guestEmail.com"], ["LIMIT", 1]]
  ↳ app/controllers/user_controller.rb:78:in `create_guest_user'
  [1m[35m (0.2ms)[0m  [1m[31mrollback transaction[0m
  ↳ app/controllers/user_controller.rb:78:in `create_guest_user'
Completed 422 Unprocessable Entity in 16ms (ActiveRecord: 2.8ms | Allocations: 5936)


  
ActiveRecord::RecordInvalid (Validation failed: Password can't be blank):
  
app/controllers/user_controller.rb:78:in `create_guest_user'
app/controllers/user_controller.rb:66:in `guest_user'
app/controllers/user_controller.rb:70:in `rescue in guest_user'
app/controllers/user_controller.rb:62:in `guest_user'
app/controllers/user_controller.rb:54:in `current_or_guest_user'
